********************************************************************************
DUPLICATOR-LITE PACKAGE-LOG: March 21, 2019 2:02 pm
NOTICE: Do NOT post to public sites or forums 
********************************************************************************
VERSION:	1.3.10
WORDPRESS:	5.1.1
PHP INFO:	7.3.2 | SAPI: apache2handler
SERVER:		Apache/2.4.38 (Win64) OpenSSL/1.1.1a PHP/7.3.2 
PHP TIME LIMIT: (0) no time limit imposed 
PHP MAX MEMORY: 4294967296 (128M default) 
MEMORY STACK: 6MB 

********************************************************************************
DATABASE:
********************************************************************************
BUILD MODE:   MYSQLDUMP
MYSQLTIMEOUT: 5000
MYSQLDUMP:    Is Supported 
SQL CREATED: 20190321_cmc_fa7ae048f8716f7f8453_20190321140157_database.sql 
SQL FILE SIZE: 1.23MB (1284631) 
SQL FILE TIME: 2019-03-21 14:02:05 
SQL RUNTIME: 2.82 sec. 

******************************************************************************** 
ARCHIVE (ZIP): 
******************************************************************************** 
ARCHIVE DIR:  C:/xampp/htdocs/WP 
ARCHIVE FILE: 20190321_cmc_fa7ae048f8716f7f8453_20190321140157_archive.zip 
FILTERS: *OFF* 
DIRS:
	not set 
FILES:
	not set 
EXTS:  not set 
---------------------------------------- 
COMPRESSING 
SIZE:	88.85MB 
STATS:	Dirs 399 | Files 3,035 
SQL ADDED: 20190321_cmc_fa7ae048f8716f7f8453_20190321140157_database.sql 
ZipArchive Object
(
    [status] => 0
    [statusSys] => 0
    [numFiles] => 3434
    [filename] => C:\xampp\htdocs\WP\wp-snapshots\tmp\20190321_cmc_fa7ae048f8716f7f8453_20190321140157_archive.zip
    [comment] => 
)
 
FILE ADDED TO ZIP: 3433 
COMPRESSION RESULT: '1' 
COMPRESSED SIZE: 44.1MB 
ARCHIVE RUNTIME: 6.31 sec. 
MEMORY STACK: 8MB 
building installer 
add_extra_files1 
add_extra_files2 
add_extra_files3 
add_extra_files4 
Doing archive file check 
add_extra_files5 
add_extra_files6 
add_extra_files8 
Successfully opened zip C:/xampp/htdocs/WP/wp-snapshots/tmp/20190321_cmc_fa7ae048f8716f7f8453_20190321140157_archive.zip 
Adding enhanced installer files to archive using ZipArchive 
Installer files added to archive 
Added to archive 
After ziparchive close when adding installer 

******************************************************************************** 
INTEGRITY CHECKS: 
******************************************************************************** 
SQL FILE: 1.23MB 
INSTALLER FILE: 207.32KB 
ARCHIVE FILE: 45.04MB  
EXPECTED FILE/DIRECTORY COUNT: 3,434 
ACTUAL FILE/DIRECTORY COUNT: 3,433 
ARCHIVE CONSISTENCY TEST: Pass 

********************************************************************************
RECORD ID:[1]
TOTAL PROCESS RUNTIME: 9.73 sec.
PEAK PHP MEMORY USED: 8MB
DONE PROCESSING => 20190321_cmc March 21, 2019 2:02 pm
 
